#
# A fatal error has been detected by the Java Runtime Environment:
#
#  SIGSEGV (0xb) at pc=0x00331a72, pid=5466, tid=2391673712
#
# JRE version: 7.0_04-b20
# Java VM: Java HotSpot(TM) Server VM (23.0-b21 mixed mode linux-x86 )
# Problematic frame:
# C  [libopenal.so+0x1aa72]  alcCreateContext+0xd2
#
# Failed to write core dump. Core dumps have been disabled. To enable core dumping, try "ulimit -c unlimited" before starting Java again
#
# If you would like to submit a bug report, please visit:
#   http://bugreport.sun.com/bugreport/crash.jsp
# The crash happened outside the Java Virtual Machine in native code.
# See problematic frame for where to report the bug.
#

---------------  T H R E A D  ---------------

Current thread (0x0a053000):  JavaThread "Thread-2" [_thread_in_native, id=5488, stack(0x8e890000,0x8e8e1000)]

siginfo:si_signo=SIGSEGV: si_errno=0, si_code=2 (SEGV_ACCERR), si_addr=0x8dcfe004

Registers:
EAX=0x8dcfe004, EBX=0x00362ff4, ECX=0x000000ff, EDX=0x00000001
ESP=0x8e8df520, EBP=0x8dcfdffc, ESI=0x8dcd54b8, EDI=0x00000001
EIP=0x00331a72, EFLAGS=0x00010293, CR2=0x8dcfe004

Top of Stack: (sp=0x8e8df520)
0x8e8df520:   00000000 90e7e0a8 00000000 90e7a588
0x8e8df530:   00000000 8e8df548 8e8df578 b46a5584
0x8e8df540:   00000000 b46aac59 017422c8 09c45568
0x8e8df550:   00000004 00000000 8e8df558 00014cd7
0x8e8df560:   00000000 0000000d 09df7f80 8e8df664
0x8e8df570:   011eba8e 000000ff 0162e446 8e8df58c
0x8e8df580:   017c9c50 8e8df834 0a052878 8e8df5cc
0x8e8df590:   013dd671 00000004 0000ac44 8e8df664 

Instructions: (pc=0x00331a72)
0x00331a52:   8d b6 00 00 00 00 8b 55 00 81 fa 11 10 00 00 74
0x00331a62:   3b 81 fa 03 00 02 00 75 07 8b 50 fc 89 54 24 74
0x00331a72:   8b 10 89 c5 83 c0 08 85 d2 74 3a 81 fa 07 10 00
0x00331a82:   00 75 d3 8b 50 fc 89 54 24 78 83 8e cc 00 00 00 

Register to memory mapping:

EAX=0x8dcfe004 is an unknown value
EBX=0x00362ff4: <offset 0x4bff4> in /home/steven/.minecraft_classic/lib/libopenal.so at 0x00317000
ECX=0x000000ff is an unknown value
EDX=0x00000001 is an unknown value
ESP=0x8e8df520 is pointing into the stack for thread: 0x0a053000
EBP=0x8dcfdffc is an unknown value
ESI=0x8dcd54b8 is an unknown value
EDI=0x00000001 is an unknown value


Stack: [0x8e890000,0x8e8e1000],  sp=0x8e8df520,  free space=317k
Native frames: (J=compiled Java code, j=interpreted, Vv=VM code, C=native code)
C  [libopenal.so+0x1aa72]  alcCreateContext+0xd2

Java frames: (J=compiled Java code, j=interpreted, Vv=VM code)
j  org.lwjgl.openal.ALC10.nalcCreateContext(JJ)J+0
j  org.lwjgl.openal.ALC10.alcCreateContext(Lorg/lwjgl/openal/ALCdevice;Ljava/nio/IntBuffer;)Lorg/lwjgl/openal/ALCcontext;+8
j  org.lwjgl.openal.AL.init(Ljava/lang/String;IIZZ)V+69
j  org.lwjgl.openal.AL.create(Ljava/lang/String;IIZZ)V+227
j  org.lwjgl.openal.AL.create(Ljava/lang/String;IIZ)V+5
j  org.lwjgl.openal.AL.create()V+6
j  paulscode.sound.libraries.LibraryLWJGLOpenAL.libraryCompatible()Z+8
v  ~StubRoutines::call_stub
j  sun.reflect.NativeMethodAccessorImpl.invoke0(Ljava/lang/reflect/Method;Ljava/lang/Object;[Ljava/lang/Object;)Ljava/lang/Object;+0
j  sun.reflect.NativeMethodAccessorImpl.invoke(Ljava/lang/Object;[Ljava/lang/Object;)Ljava/lang/Object;+87
j  sun.reflect.DelegatingMethodAccessorImpl.invoke(Ljava/lang/Object;[Ljava/lang/Object;)Ljava/lang/Object;+6
j  java.lang.reflect.Method.invoke(Ljava/lang/Object;[Ljava/lang/Object;)Ljava/lang/Object;+57
j  paulscode.sound.SoundSystemConfig.runMethod(Ljava/lang/Class;Ljava/lang/String;[Ljava/lang/Class;[Ljava/lang/Object;)Ljava/lang/Object;+163
j  paulscode.sound.SoundSystemConfig.libraryCompatible(Ljava/lang/Class;)Z+39
j  paulscode.sound.SoundSystem.libraryCompatible(Ljava/lang/Class;)Z+62
j  ch.spacebase.openclassic.client.sound.ClientAudioManager.<init>(Lcom/mojang/minecraft/Minecraft;)V+43
j  com.mojang.minecraft.Minecraft.run()V+733
j  java.lang.Thread.run()V+11
v  ~StubRoutines::call_stub

---------------  P R O C E S S  ---------------

Java Threads: ( => current thread )
  0x0a204000 JavaThread "Thread-4" daemon [_thread_blocked, id=5493, stack(0x8e6b3000,0x8e704000)]
  0x09fcc000 JavaThread "process reaper" daemon [_thread_blocked, id=5491, stack(0x8e934000,0x8e945000)]
  0x09fc5400 JavaThread "pool-1-thread-1" [_thread_blocked, id=5489, stack(0x8e83f000,0x8e890000)]
=>0x0a053000 JavaThread "Thread-2" [_thread_in_native, id=5488, stack(0x8e890000,0x8e8e1000)]
  0x0a031c00 JavaThread "TimerQueue" daemon [_thread_blocked, id=5487, stack(0x8e8e1000,0x8e932000)]
  0x8ea5d800 JavaThread "DestroyJavaVM" [_thread_blocked, id=5471, stack(0xb76aa000,0xb76fb000)]
  0x8ea5c800 JavaThread "AWT-EventQueue-0" [_thread_blocked, id=5486, stack(0x8e95e000,0x8e9af000)]
  0x8ea5b800 JavaThread "AWT-Shutdown" [_thread_blocked, id=5485, stack(0x8e9af000,0x8ea00000)]
  0x09db5c00 JavaThread "AWT-XAWT" daemon [_thread_in_native, id=5484, stack(0x8eb77000,0x8ebc8000)]
  0x09d92400 JavaThread "Java2D Disposer" daemon [_thread_blocked, id=5482, stack(0x8ebc8000,0x8ec19000)]
  0x09c82800 JavaThread "Service Thread" daemon [_thread_blocked, id=5480, stack(0x8ec9a000,0x8eceb000)]
  0x09c78000 JavaThread "C2 CompilerThread1" daemon [_thread_blocked, id=5479, stack(0x8eceb000,0x8ed6c000)]
  0x09c76000 JavaThread "C2 CompilerThread0" daemon [_thread_blocked, id=5478, stack(0x8ed6c000,0x8eded000)]
  0x09c74400 JavaThread "Signal Dispatcher" daemon [_thread_blocked, id=5477, stack(0x8eded000,0x8ee3e000)]
  0x09c37000 JavaThread "Finalizer" daemon [_thread_blocked, id=5476, stack(0x8f07f000,0x8f0d0000)]
  0x09c35400 JavaThread "Reference Handler" daemon [_thread_blocked, id=5475, stack(0x8f0d0000,0x8f121000)]

Other Threads:
  0x09c2f800 VMThread [stack: 0x8f121000,0x8f1a2000] [id=5474]
  0x09c84400 WatcherThread [stack: 0x8ec19000,0x8ec9a000] [id=5481]

VM state:not at safepoint (normal execution)

VM Mutex/Monitor currently owned by a thread: None

Heap
 PSYoungGen      total 9408K, used 3402K [0xa9de0000, 0xab040000, 0xb45e0000)
  eden space 8064K, 25% used [0xa9de0000,0xa9fe4b50,0xaa5c0000)
  from space 1344K, 99% used [0xaa710000,0xaa85e050,0xaa860000)
  to   space 1344K, 0% used [0xaa5c0000,0xaa5c0000,0xaa710000)
 ParOldGen       total 21504K, used 3025K [0x94de0000, 0x962e0000, 0xa9de0000)
  object space 21504K, 14% used [0x94de0000,0x950d4468,0x962e0000)
 PSPermGen       total 16384K, used 10252K [0x90de0000, 0x91de0000, 0x94de0000)
  object space 16384K, 62% used [0x90de0000,0x917e3310,0x91de0000)

Code Cache  [0xb46a2000, 0xb48e2000, 0xb76a2000)
 total_blobs=363 nmethods=55 adapters=260 free_code_cache=48699Kb largest_free_block=49845952

Compilation events (10 events):
Event: 2.947 Thread 0x09c78000 nmethod 50 0xb470d648 code [0xb470d740, 0xb470d7b0]
Event: 2.964 Thread 0x09c76000 nmethod 46 0xb470cac8 code [0xb470cc40, 0xb470d118]
Event: 2.973 Thread 0x09c78000   51             sun.nio.cs.UTF_8$Decoder::decode (640 bytes)
Event: 2.995 Thread 0x09c76000   52             java.lang.CharacterData::of (120 bytes)
Event: 2.996 Thread 0x09c76000 nmethod 52 0xb47112c8 code [0xb47113c0, 0xb4711490]
Event: 2.996 Thread 0x09c76000   53             java.lang.CharacterDataLatin1::getProperties (11 bytes)
Event: 2.997 Thread 0x09c76000 nmethod 53 0xb470c848 code [0xb470c940, 0xb470c9b0]
Event: 3.032 Thread 0x09c78000 nmethod 51 0xb4715088 code [0xb4715320, 0xb4715f38]
Event: 3.190 Thread 0x09c76000   54             sun.nio.cs.UTF_8$Decoder::decodeArrayLoop (543 bytes)
Event: 3.224 Thread 0x09c76000 nmethod 54 0xb4716fc8 code [0xb4717200, 0xb4717cc4]

GC Heap History (4 events):
Event: 2.267 GC heap before
{Heap before GC invocations=1 (full 0):
 PSYoungGen      total 9408K, used 8064K [0xa9de0000, 0xaa860000, 0xb45e0000)
  eden space 8064K, 100% used [0xa9de0000,0xaa5c0000,0xaa5c0000)
  from space 1344K, 0% used [0xaa710000,0xaa710000,0xaa860000)
  to   space 1344K, 0% used [0xaa5c0000,0xaa5c0000,0xaa710000)
 ParOldGen       total 21504K, used 0K [0x94de0000, 0x962e0000, 0xa9de0000)
  object space 21504K, 0% used [0x94de0000,0x94de0000,0x962e0000)
 PSPermGen       total 16384K, used 9057K [0x90de0000, 0x91de0000, 0x94de0000)
  object space 16384K, 55% used [0x90de0000,0x916b8570,0x91de0000)
Event: 2.286 GC heap after
Heap after GC invocations=1 (full 0):
 PSYoungGen      total 9408K, used 1336K [0xa9de0000, 0xaa860000, 0xb45e0000)
  eden space 8064K, 0% used [0xa9de0000,0xa9de0000,0xaa5c0000)
  from space 1344K, 99% used [0xaa5c0000,0xaa70e050,0xaa710000)
  to   space 1344K, 0% used [0xaa710000,0xaa710000,0xaa860000)
 ParOldGen       total 21504K, used 534K [0x94de0000, 0x962e0000, 0xa9de0000)
  object space 21504K, 2% used [0x94de0000,0x94e65920,0x962e0000)
 PSPermGen       total 16384K, used 9057K [0x90de0000, 0x91de0000, 0x94de0000)
  object space 16384K, 55% used [0x90de0000,0x916b8570,0x91de0000)
}
Event: 3.001 GC heap before
{Heap before GC invocations=2 (full 0):
 PSYoungGen      total 9408K, used 9400K [0xa9de0000, 0xaa860000, 0xb45e0000)
  eden space 8064K, 100% used [0xa9de0000,0xaa5c0000,0xaa5c0000)
  from space 1344K, 99% used [0xaa5c0000,0xaa70e050,0xaa710000)
  to   space 1344K, 0% used [0xaa710000,0xaa710000,0xaa860000)
 ParOldGen       total 21504K, used 534K [0x94de0000, 0x962e0000, 0xa9de0000)
  object space 21504K, 2% used [0x94de0000,0x94e65920,0x962e0000)
 PSPermGen       total 16384K, used 9981K [0x90de0000, 0x91de0000, 0x94de0000)
  object space 16384K, 60% used [0x90de0000,0x9179f7c8,0x91de0000)
Event: 3.027 GC heap after
Heap after GC invocations=2 (full 0):
 PSYoungGen      total 9408K, used 1336K [0xa9de0000, 0xab040000, 0xb45e0000)
  eden space 8064K, 0% used [0xa9de0000,0xa9de0000,0xaa5c0000)
  from space 1344K, 99% used [0xaa710000,0xaa85e050,0xaa860000)
  to   space 1344K, 0% used [0xaa5c0000,0xaa5c0000,0xaa710000)
 ParOldGen       total 21504K, used 3025K [0x94de0000, 0x962e0000, 0xa9de0000)
  object space 21504K, 14% used [0x94de0000,0x950d4468,0x962e0000)
 PSPermGen       total 16384K, used 9981K [0x90de0000, 0x91de0000, 0x94de0000)
  object space 16384K, 60% used [0x90de0000,0x9179f7c8,0x91de0000)
}

Deoptimization events (0 events):
No events

Internal exceptions (10 events):
Event: 3.224 Thread 0x0a053000 Threw 0xa9faf6b8 at /HUDSON/workspace/jdk7u4-2-build-linux-i586-product/jdk7u4/hotspot/src/share/vm/prims/jni.cpp:741
Event: 3.224 Thread 0x0a053000 Threw 0xa9fafc58 at /HUDSON/workspace/jdk7u4-2-build-linux-i586-product/jdk7u4/hotspot/src/share/vm/prims/jni.cpp:741
Event: 3.224 Thread 0x0a053000 Threw 0xa9fb0188 at /HUDSON/workspace/jdk7u4-2-build-linux-i586-product/jdk7u4/hotspot/src/share/vm/prims/jni.cpp:741
Event: 3.224 Thread 0x0a053000 Threw 0xa9fb0638 at /HUDSON/workspace/jdk7u4-2-build-linux-i586-product/jdk7u4/hotspot/src/share/vm/prims/jni.cpp:741
Event: 3.225 Thread 0x0a053000 Threw 0xa9fb0d50 at /HUDSON/workspace/jdk7u4-2-build-linux-i586-product/jdk7u4/hotspot/src/share/vm/prims/jvm.cpp:1166
Event: 3.227 Thread 0x0a053000 Threw 0xa9fbd290 at /HUDSON/workspace/jdk7u4-2-build-linux-i586-product/jdk7u4/hotspot/src/share/vm/prims/jvm.cpp:1166
Event: 3.248 Thread 0x0a053000 Threw 0xa9fc4b90 at /HUDSON/workspace/jdk7u4-2-build-linux-i586-product/jdk7u4/hotspot/src/share/vm/prims/jvm.cpp:1166
Event: 3.249 Thread 0x0a053000 Threw 0xa9fc99b0 at /HUDSON/workspace/jdk7u4-2-build-linux-i586-product/jdk7u4/hotspot/src/share/vm/prims/jvm.cpp:1166
Event: 3.250 Thread 0x0a053000 Threw 0xa9fce0b8 at /HUDSON/workspace/jdk7u4-2-build-linux-i586-product/jdk7u4/hotspot/src/share/vm/prims/jvm.cpp:1166
Event: 3.251 Thread 0x0a053000 Threw 0xa9fd29e0 at /HUDSON/workspace/jdk7u4-2-build-linux-i586-product/jdk7u4/hotspot/src/share/vm/prims/jvm.cpp:1166

Events (10 events):
Event: 3.227 loading class 0x8dcc2048
Event: 3.227 loading class 0x8dcc2048 done
Event: 3.248 loading class 0x8dccee90
Event: 3.248 loading class 0x8dccee90 done
Event: 3.249 loading class 0x8dcc21d8
Event: 3.249 loading class 0x8dcc21d8 done
Event: 3.250 loading class 0x8dcce410
Event: 3.250 loading class 0x8dcce410 done
Event: 3.250 loading class 0x8dcd4b60
Event: 3.250 loading class 0x8dcd4b60 done


Dynamic libraries:
00110000-00123000 r-xp 00000000 08:06 3679707    /usr/local/java/jdk1.7.0_04/jre/lib/i386/jli/libjli.so
00123000-00124000 rw-p 00012000 08:06 3679707    /usr/local/java/jdk1.7.0_04/jre/lib/i386/jli/libjli.so
00124000-00147000 r-xp 00000000 08:06 3679703    /usr/local/java/jdk1.7.0_04/jre/lib/i386/libjava.so
00147000-00148000 rw-p 00023000 08:06 3679703    /usr/local/java/jdk1.7.0_04/jre/lib/i386/libjava.so
00148000-0015f000 r-xp 00000000 08:06 3679734    /usr/local/java/jdk1.7.0_04/jre/lib/i386/libzip.so
0015f000-00160000 rw-p 00017000 08:06 3679734    /usr/local/java/jdk1.7.0_04/jre/lib/i386/libzip.so
00160000-00169000 r-xp 00000000 08:06 3546690    /usr/lib/i386-linux-gnu/libXrender.so.1.3.0
00169000-0016a000 r--p 00008000 08:06 3546690    /usr/lib/i386-linux-gnu/libXrender.so.1.3.0
0016a000-0016b000 rw-p 00009000 08:06 3546690    /usr/lib/i386-linux-gnu/libXrender.so.1.3.0
0016b000-00170000 r-xp 00000000 08:06 3542994    /usr/lib/libXtst.so.6.1.0
00170000-00171000 r--p 00004000 08:06 3542994    /usr/lib/libXtst.so.6.1.0
00171000-00172000 rw-p 00005000 08:06 3542994    /usr/lib/libXtst.so.6.1.0
00172000-00177000 r-xp 00000000 08:06 3546662    /usr/lib/i386-linux-gnu/libXdmcp.so.6.0.0
00177000-00178000 r--p 00004000 08:06 3546662    /usr/lib/i386-linux-gnu/libXdmcp.so.6.0.0
00178000-00179000 rw-p 00005000 08:06 3546662    /usr/lib/i386-linux-gnu/libXdmcp.so.6.0.0
00179000-00187000 r-xp 00000000 08:06 3679722    /usr/local/java/jdk1.7.0_04/jre/lib/i386/libnio.so
00187000-00188000 rw-p 0000e000 08:06 3679722    /usr/local/java/jdk1.7.0_04/jre/lib/i386/libnio.so
00188000-0018b000 r-xp 00000000 08:06 921777     /home/steven/.minecraft_classic/lib/libjinput-linux.so
0018b000-0018c000 r--p 00002000 08:06 921777     /home/steven/.minecraft_classic/lib/libjinput-linux.so
0018c000-0018d000 rw-p 00003000 08:06 921777     /home/steven/.minecraft_classic/lib/libjinput-linux.so
0018d000-0018e000 r-xp 00000000 08:06 3679721    /usr/local/java/jdk1.7.0_04/jre/lib/i386/libjawt.so
0018e000-0018f000 rw-p 00000000 08:06 3679721    /usr/local/java/jdk1.7.0_04/jre/lib/i386/libjawt.so
00192000-0019a000 r-xp 00000000 08:06 272577     /lib/i386-linux-gnu/libnss_compat-2.13.so
0019a000-0019b000 r--p 00007000 08:06 272577     /lib/i386-linux-gnu/libnss_compat-2.13.so
0019b000-0019c000 rw-p 00008000 08:06 272577     /lib/i386-linux-gnu/libnss_compat-2.13.so
0019c000-001a2000 r-xp 00000000 08:06 3546884    /usr/lib/i386-linux-gnu/libjson.so.0.0.1
001a2000-001a3000 r--p 00005000 08:06 3546884    /usr/lib/i386-linux-gnu/libjson.so.0.0.1
001a3000-001a4000 rw-p 00006000 08:06 3546884    /usr/lib/i386-linux-gnu/libjson.so.0.0.1
001b7000-001c1000 r-xp 00000000 08:06 272581     /lib/i386-linux-gnu/libnss_nis-2.13.so
001c1000-001c2000 r--p 00009000 08:06 272581     /lib/i386-linux-gnu/libnss_nis-2.13.so
001c2000-001c3000 rw-p 0000a000 08:06 272581     /lib/i386-linux-gnu/libnss_nis-2.13.so
001c3000-002f4000 r-xp 00000000 08:06 3546642    /usr/lib/i386-linux-gnu/libX11.so.6.3.0
002f4000-002f5000 ---p 00131000 08:06 3546642    /usr/lib/i386-linux-gnu/libX11.so.6.3.0
002f5000-002f6000 r--p 00131000 08:06 3546642    /usr/lib/i386-linux-gnu/libX11.so.6.3.0
002f6000-002f8000 rw-p 00132000 08:06 3546642    /usr/lib/i386-linux-gnu/libX11.so.6.3.0
002f8000-002f9000 rw-p 00000000 00:00 0 
002f9000-00315000 r-xp 00000000 08:06 263096     /lib/i386-linux-gnu/libgcc_s.so.1
00315000-00316000 r--p 0001b000 08:06 263096     /lib/i386-linux-gnu/libgcc_s.so.1
00316000-00317000 rw-p 0001c000 08:06 263096     /lib/i386-linux-gnu/libgcc_s.so.1
00317000-00362000 r-xp 00000000 08:06 928406     /home/steven/.minecraft_classic/lib/libopenal.so
00362000-00363000 r--p 0004b000 08:06 928406     /home/steven/.minecraft_classic/lib/libopenal.so
00363000-00364000 rw-p 0004c000 08:06 928406     /home/steven/.minecraft_classic/lib/libopenal.so
00371000-003b3000 r-xp 00000000 08:06 3679729    /usr/local/java/jdk1.7.0_04/jre/lib/i386/libfontmanager.so
003b3000-003b6000 rw-p 00041000 08:06 3679729    /usr/local/java/jdk1.7.0_04/jre/lib/i386/libfontmanager.so
003b6000-003ba000 rw-p 00000000 00:00 0 
003ba000-00419000 r-xp 00000000 08:06 3679713    /usr/local/java/jdk1.7.0_04/jre/lib/i386/libt2k.so
00419000-0041d000 rw-p 0005f000 08:06 3679713    /usr/local/java/jdk1.7.0_04/jre/lib/i386/libt2k.so
0041d000-00421000 rw-p 00000000 00:00 0 
0042e000-00442000 r-xp 00000000 08:06 3679717    /usr/local/java/jdk1.7.0_04/jre/lib/i386/libnet.so
00442000-00443000 rw-p 00014000 08:06 3679717    /usr/local/java/jdk1.7.0_04/jre/lib/i386/libnet.so
00443000-0048f000 r-xp 00000000 08:06 3541343    /usr/lib/i386-linux-gnu/libpulse.so.0.13.4
0048f000-00490000 r--p 0004b000 08:06 3541343    /usr/lib/i386-linux-gnu/libpulse.so.0.13.4
00490000-00491000 rw-p 0004c000 08:06 3541343    /usr/lib/i386-linux-gnu/libpulse.so.0.13.4
00491000-004a4000 r-xp 00000000 08:06 272585     /lib/i386-linux-gnu/libresolv-2.13.so
004a4000-004a5000 r--p 00012000 08:06 272585     /lib/i386-linux-gnu/libresolv-2.13.so
004a5000-004a6000 rw-p 00013000 08:06 272585     /lib/i386-linux-gnu/libresolv-2.13.so
004a6000-004a8000 rw-p 00000000 00:00 0 
004b4000-004bb000 r-xp 00000000 08:06 3546686    /usr/lib/i386-linux-gnu/libXrandr.so.2.2.0
004bb000-004bc000 r--p 00006000 08:06 3546686    /usr/lib/i386-linux-gnu/libXrandr.so.2.2.0
004bc000-004bd000 rw-p 00007000 08:06 3546686    /usr/lib/i386-linux-gnu/libXrandr.so.2.2.0
004bd000-004e6000 r-xp 00000000 08:06 3541397    /usr/lib/i386-linux-gnu/libvorbis.so.0.4.5
004e6000-004e7000 r--p 00028000 08:06 3541397    /usr/lib/i386-linux-gnu/libvorbis.so.0.4.5
004e7000-004e8000 rw-p 00029000 08:06 3541397    /usr/lib/i386-linux-gnu/libvorbis.so.0.4.5
004f6000-00501000 r-xp 00000000 08:06 272579     /lib/i386-linux-gnu/libnss_files-2.13.so
00501000-00502000 r--p 0000a000 08:06 272579     /lib/i386-linux-gnu/libnss_files-2.13.so
00502000-00503000 rw-p 0000b000 08:06 272579     /lib/i386-linux-gnu/libnss_files-2.13.so
0050c000-0056f000 r-xp 00000000 08:06 3541345    /usr/lib/i386-linux-gnu/libpulsecommon-1.0.so
0056f000-00570000 r--p 00062000 08:06 3541345    /usr/lib/i386-linux-gnu/libpulsecommon-1.0.so
00570000-00571000 rw-p 00063000 08:06 3541345    /usr/lib/i386-linux-gnu/libpulsecommon-1.0.so
0059d000-005ba000 r-xp 00000000 08:06 3547057    /usr/lib/i386-linux-gnu/libxcb.so.1.1.0
005ba000-005bb000 r--p 0001c000 08:06 3547057    /usr/lib/i386-linux-gnu/libxcb.so.1.1.0
005bb000-005bc000 rw-p 0001d000 08:06 3547057    /usr/lib/i386-linux-gnu/libxcb.so.1.1.0
005ce000-00617000 r-xp 00000000 08:06 3679685    /usr/local/java/jdk1.7.0_04/jre/lib/i386/xawt/libmawt.so
00617000-0061a000 rw-p 00048000 08:06 3679685    /usr/local/java/jdk1.7.0_04/jre/lib/i386/xawt/libmawt.so
00637000-006bd000 r-xp 00000000 08:06 3679683    /usr/local/java/jdk1.7.0_04/jre/lib/i386/libawt.so
006bd000-006c4000 rw-p 00086000 08:06 3679683    /usr/local/java/jdk1.7.0_04/jre/lib/i386/libawt.so
006c4000-006e8000 rw-p 00000000 00:00 0 
006e8000-00794000 r-xp 00000000 08:06 3548702    /usr/lib/nvidia-current/libGL.so.302.17
00794000-007b4000 rwxp 000ab000 08:06 3548702    /usr/lib/nvidia-current/libGL.so.302.17
007b4000-007c3000 rwxp 00000000 00:00 0 
007c3000-0080a000 r-xp 00000000 08:06 263085     /lib/i386-linux-gnu/libdbus-1.so.3.5.7
0080a000-0080b000 r--p 00046000 08:06 263085     /lib/i386-linux-gnu/libdbus-1.so.3.5.7
0080b000-0080c000 rw-p 00047000 08:06 263085     /lib/i386-linux-gnu/libdbus-1.so.3.5.7
00836000-0085b000 r-xp 00000000 08:06 3679692    /usr/local/java/jdk1.7.0_04/jre/lib/i386/libdcpr.so
0085b000-0085e000 rw-p 00024000 08:06 3679692    /usr/local/java/jdk1.7.0_04/jre/lib/i386/libdcpr.so
0085e000-008aa000 r-xp 00000000 08:06 3546587    /usr/lib/i386-linux-gnu/libFLAC.so.8.2.0
008aa000-008ab000 r--p 0004b000 08:06 3546587    /usr/lib/i386-linux-gnu/libFLAC.so.8.2.0
008ab000-008ac000 rw-p 0004c000 08:06 3546587    /usr/lib/i386-linux-gnu/libFLAC.so.8.2.0
008b4000-008cb000 r-xp 00000000 08:06 272584     /lib/i386-linux-gnu/libpthread-2.13.so
008cb000-008cc000 r--p 00016000 08:06 272584     /lib/i386-linux-gnu/libpthread-2.13.so
008cc000-008cd000 rw-p 00017000 08:06 272584     /lib/i386-linux-gnu/libpthread-2.13.so
008cd000-008cf000 rw-p 00000000 00:00 0 
008f9000-008fd000 r-xp 00000000 08:06 3546670    /usr/lib/i386-linux-gnu/libXfixes.so.3.1.0
008fd000-008fe000 r--p 00003000 08:06 3546670    /usr/lib/i386-linux-gnu/libXfixes.so.3.1.0
008fe000-008ff000 rw-p 00004000 08:06 3546670    /usr/lib/i386-linux-gnu/libXfixes.so.3.1.0
008ff000-0096a000 r-xp 00000000 08:06 3547001    /usr/lib/i386-linux-gnu/libsndfile.so.1.0.24
0096a000-0096b000 r--p 0006b000 08:06 3547001    /usr/lib/i386-linux-gnu/libsndfile.so.1.0.24
0096b000-0096c000 rw-p 0006c000 08:06 3547001    /usr/lib/i386-linux-gnu/libsndfile.so.1.0.24
0096c000-00970000 rw-p 00000000 00:00 0 
00978000-00984000 r-xp 00000000 08:06 3679686    /usr/local/java/jdk1.7.0_04/jre/lib/i386/libverify.so
00984000-00985000 rw-p 0000c000 08:06 3679686    /usr/local/java/jdk1.7.0_04/jre/lib/i386/libverify.so
009bc000-009bf000 r-xp 00000000 08:06 272573     /lib/i386-linux-gnu/libdl-2.13.so
009bf000-009c0000 r--p 00002000 08:06 272573     /lib/i386-linux-gnu/libdl-2.13.so
009c0000-009c1000 rw-p 00003000 08:06 272573     /lib/i386-linux-gnu/libdl-2.13.so
009cb000-009d2000 r-xp 00000000 08:06 272586     /lib/i386-linux-gnu/librt-2.13.so
009d2000-009d3000 r--p 00006000 08:06 272586     /lib/i386-linux-gnu/librt-2.13.so
009d3000-009d4000 rw-p 00007000 08:06 272586     /lib/i386-linux-gnu/librt-2.13.so
00a2b000-00a3c000 r-xp 00000000 08:06 3546666    /usr/lib/i386-linux-gnu/libXext.so.6.4.0
00a3c000-00a3d000 r--p 00010000 08:06 3546666    /usr/lib/i386-linux-gnu/libXext.so.6.4.0
00a3d000-00a3e000 rw-p 00011000 08:06 3546666    /usr/lib/i386-linux-gnu/libXext.so.6.4.0
00a99000-00aa1000 r-xp 00000000 08:06 263156     /lib/i386-linux-gnu/libwrap.so.0.7.6
00aa1000-00aa2000 r--p 00007000 08:06 263156     /lib/i386-linux-gnu/libwrap.so.0.7.6
00aa2000-00aa3000 rw-p 00008000 08:06 263156     /lib/i386-linux-gnu/libwrap.so.0.7.6
00ae0000-00ae2000 r-xp 00000000 08:06 3546646    /usr/lib/i386-linux-gnu/libXau.so.6.0.0
00ae2000-00ae3000 r--p 00001000 08:06 3546646    /usr/lib/i386-linux-gnu/libXau.so.6.0.0
00ae3000-00ae4000 rw-p 00002000 08:06 3546646    /usr/lib/i386-linux-gnu/libXau.so.6.0.0
00ae5000-00ae7000 r-xs 00000000 08:06 1709892    /tmp/gl4xD8DM (deleted)
00b0c000-00b1a000 r-xp 00000000 08:06 3546678    /usr/lib/i386-linux-gnu/libXi.so.6.1.0
00b1a000-00b1b000 r--p 0000d000 08:06 3546678    /usr/lib/i386-linux-gnu/libXi.so.6.1.0
00b1b000-00b1c000 rw-p 0000e000 08:06 3546678    /usr/lib/i386-linux-gnu/libXi.so.6.1.0
00b69000-00b91000 r-xp 00000000 08:06 272574     /lib/i386-linux-gnu/libm-2.13.so
00b91000-00b92000 r--p 00028000 08:06 272574     /lib/i386-linux-gnu/libm-2.13.so
00b92000-00b93000 rw-p 00029000 08:06 272574     /lib/i386-linux-gnu/libm-2.13.so
00ba3000-00ba9000 r-xp 00000000 08:06 3546927    /usr/lib/i386-linux-gnu/libogg.so.0.7.1
00ba9000-00baa000 r--p 00005000 08:06 3546927    /usr/lib/i386-linux-gnu/libogg.so.0.7.1
00baa000-00bab000 rw-p 00006000 08:06 3546927    /usr/lib/i386-linux-gnu/libogg.so.0.7.1
00c1e000-00c33000 r-xp 00000000 08:06 272576     /lib/i386-linux-gnu/libnsl-2.13.so
00c33000-00c34000 r--p 00015000 08:06 272576     /lib/i386-linux-gnu/libnsl-2.13.so
00c34000-00c35000 rw-p 00016000 08:06 272576     /lib/i386-linux-gnu/libnsl-2.13.so
00c35000-00c37000 rw-p 00000000 00:00 0 
00c75000-00c78000 r-xp 00000000 08:06 3548424    /usr/lib/nvidia-current/tls/libnvidia-tls.so.302.17
00c78000-00c79000 rw-p 00002000 08:06 3548424    /usr/lib/nvidia-current/tls/libnvidia-tls.so.302.17
00c8f000-00cad000 r-xp 00000000 08:06 263202     /lib/i386-linux-gnu/ld-2.13.so
00cad000-00cae000 r--p 0001d000 08:06 263202     /lib/i386-linux-gnu/ld-2.13.so
00cae000-00caf000 rw-p 0001e000 08:06 263202     /lib/i386-linux-gnu/ld-2.13.so
00cdf000-00ce2000 r-xp 00000000 08:06 2366217    /home/steven/Desktop/Minecraft/client/lib/natives/libjinput-linux.so
00ce2000-00ce3000 r--p 00002000 08:06 2366217    /home/steven/Desktop/Minecraft/client/lib/natives/libjinput-linux.so
00ce3000-00ce4000 rw-p 00003000 08:06 2366217    /home/steven/Desktop/Minecraft/client/lib/natives/libjinput-linux.so
00d3c000-00d41000 r-xp 00000000 08:06 3546704    /usr/lib/i386-linux-gnu/libasyncns.so.0.3.1
00d41000-00d42000 r--p 00004000 08:06 3546704    /usr/lib/i386-linux-gnu/libasyncns.so.0.3.1
00d42000-00d43000 rw-p 00005000 08:06 3546704    /usr/lib/i386-linux-gnu/libasyncns.so.0.3.1
00d6d000-00d6e000 r-xp 00000000 00:00 0          [vdso]
00da2000-00dfd000 r-xp 00000000 08:06 928404     /home/steven/.minecraft_classic/lib/liblwjgl.so
00dfd000-00dfe000 r--p 0005a000 08:06 928404     /home/steven/.minecraft_classic/lib/liblwjgl.so
00dfe000-00dff000 rw-p 0005b000 08:06 928404     /home/steven/.minecraft_classic/lib/liblwjgl.so
00e29000-00e32000 r-xp 00000000 08:06 3546654    /usr/lib/i386-linux-gnu/libXcursor.so.1.0.2
00e32000-00e33000 r--p 00008000 08:06 3546654    /usr/lib/i386-linux-gnu/libXcursor.so.1.0.2
00e33000-00e34000 rw-p 00009000 08:06 3546654    /usr/lib/i386-linux-gnu/libXcursor.so.1.0.2
00e5a000-00fd2000 r-xp 00000000 08:06 272570     /lib/i386-linux-gnu/libc-2.13.so
00fd2000-00fd4000 r--p 00178000 08:06 272570     /lib/i386-linux-gnu/libc-2.13.so
00fd4000-00fd5000 rw-p 0017a000 08:06 272570     /lib/i386-linux-gnu/libc-2.13.so
00fd5000-00fd8000 rw-p 00000000 00:00 0 
00fd8000-0178c000 r-xp 00000000 08:06 3679733    /usr/local/java/jdk1.7.0_04/jre/lib/i386/server/libjvm.so
0178c000-017de000 rw-p 007b3000 08:06 3679733    /usr/local/java/jdk1.7.0_04/jre/lib/i386/server/libjvm.so
017de000-01c00000 rw-p 00000000 00:00 0 
04c13000-06858000 r-xp 00000000 08:06 3548799    /usr/lib/nvidia-current/libnvidia-glcore.so.302.17
06858000-068bc000 rwxp 01c45000 08:06 3548799    /usr/lib/nvidia-current/libnvidia-glcore.so.302.17
068bc000-068d0000 rwxp 00000000 00:00 0 
06bd0000-06d36000 r-xp 00000000 08:06 3541395    /usr/lib/i386-linux-gnu/libvorbisenc.so.2.0.8
06d36000-06d47000 r--p 00165000 08:06 3541395    /usr/lib/i386-linux-gnu/libvorbisenc.so.2.0.8
06d47000-06d48000 rw-p 00176000 08:06 3541395    /usr/lib/i386-linux-gnu/libvorbisenc.so.2.0.8
08048000-08049000 r-xp 00000000 08:06 3553307    /usr/local/java/jdk1.7.0_04/bin/java
08049000-0804a000 rw-p 00000000 08:06 3553307    /usr/local/java/jdk1.7.0_04/bin/java
09b07000-0a2dc000 rw-p 00000000 00:00 0          [heap]
891ff000-8d200000 rw-s 00000000 00:12 173306     /run/shm/pulse-shm-2559202471
8d200000-8d226000 rw-p 00000000 00:00 0 
8d226000-8d300000 ---p 00000000 00:00 0 
8d3ff000-8d400000 ---p 00000000 00:00 0 
8d400000-8dc00000 rw-p 00000000 00:00 0 
8dc00000-8dcfe000 rw-p 00000000 00:00 0 
8dcfe000-8dd00000 ---p 00000000 00:00 0 
8dd01000-8dd03000 rw-p 00000000 00:00 0 
8dd03000-8dd0a000 r--s 00000000 08:06 3680101    /usr/lib/i386-linux-gnu/gconv/gconv-modules.cache
8dd0a000-8dd8b000 rw-p 00000000 00:00 0 
8dd8b000-8de8b000 rw-s 2e2ac000 00:05 8594       /dev/nvidia0
8de8b000-8df8b000 rw-s 2f145000 00:05 8594       /dev/nvidia0
8df8b000-8e024000 rw-p 00000000 00:00 0 
8e024000-8e524000 rw-s c0000000 00:05 8594       /dev/nvidia0
8e524000-8e6b3000 rw-s 00000000 00:04 20348955   /SYSV00000000 (deleted)
8e6b3000-8e6b6000 ---p 00000000 00:00 0 
8e6b6000-8e704000 rw-p 00000000 00:00 0 
8e704000-8e706000 rw-s 00000000 08:06 1709892    /tmp/gl4xD8DM (deleted)
8e706000-8e746000 rw-s c76bc000 00:05 8594       /dev/nvidia0
8e746000-8e74a000 rw-s 2ec26000 00:05 8594       /dev/nvidia0
8e74a000-8e7a1000 rw-p 00000000 00:00 0 
8e7a1000-8e7be000 rw-s 2a858000 00:05 8594       /dev/nvidia0
8e7be000-8e83f000 rw-p 00000000 00:00 0 
8e83f000-8e842000 ---p 00000000 00:00 0 
8e842000-8e890000 rw-p 00000000 00:00 0 
8e890000-8e893000 ---p 00000000 00:00 0 
8e893000-8e8e1000 rw-p 00000000 00:00 0 
8e8e1000-8e8e4000 ---p 00000000 00:00 0 
8e8e4000-8e932000 rw-p 00000000 00:00 0 
8e932000-8e933000 rw-s c7cbf000 00:05 8594       /dev/nvidia0
8e933000-8e934000 rw-s 2df54000 00:05 8594       /dev/nvidia0
8e934000-8e937000 ---p 00000000 00:00 0 
8e937000-8e945000 rw-p 00000000 00:00 0 
8e945000-8e94a000 r--s 00088000 08:06 3553340    /usr/local/java/jdk1.7.0_04/jre/lib/jsse.jar
8e94a000-8e957000 r--s 000dd000 08:06 2366212    /home/steven/Desktop/Minecraft/client/lib/lwjgl-debug.jar
8e957000-8e95e000 r--s 0003b000 08:06 1966617    /home/steven/Desktop/Minecraft/OpenClassicAPI/lib/snakeyaml-1.10.jar
8e95e000-8e961000 ---p 00000000 00:00 0 
8e961000-8e9af000 rw-p 00000000 00:00 0 
8e9af000-8e9b2000 ---p 00000000 00:00 0 
8e9b2000-8ea00000 rw-p 00000000 00:00 0 
8ea00000-8eafb000 rw-p 00000000 00:00 0 
8eafb000-8eb00000 ---p 00000000 00:00 0 
8eb00000-8eb01000 rw-s 25762000 00:05 8594       /dev/nvidia0
8eb01000-8eb02000 rw-s 2f4bc000 00:05 8594       /dev/nvidia0
8eb02000-8eb03000 rw-s ddc05000 00:05 8594       /dev/nvidia0
8eb03000-8eb04000 r--s 000a8000 08:06 2366227    /home/steven/Desktop/Minecraft/client/lib/windows_natives.jar
8eb04000-8eb05000 r--s 0007f000 08:06 2366226    /home/steven/Desktop/Minecraft/client/lib/solaris_natives.jar
8eb05000-8eb06000 r--s 00001000 08:06 2102787    /home/steven/Desktop/Minecraft/client/lib/CodecWav.jar
8eb06000-8eb08000 r--s 0002a000 08:06 2102669    /home/steven/Desktop/Minecraft/client/lib/CodecJOrbis.jar
8eb08000-8eb09000 r--s 0000a000 08:06 2102776    /home/steven/Desktop/Minecraft/client/lib/LibraryJavaSound.jar
8eb09000-8eb0a000 r--s 00023000 08:06 2102766    /home/steven/Desktop/Minecraft/client/lib/SoundSystem.jar
8eb0a000-8eb0b000 r--s 00008000 08:06 2102767    /home/steven/Desktop/Minecraft/client/lib/LibraryLWJGLOpenAL.jar
8eb0b000-8eb0f000 r--s 00028000 08:06 2098919    /home/steven/Desktop/Minecraft/client/lib/lwjgl_util.jar
8eb0f000-8eb14000 r--s 00030000 08:06 2366211    /home/steven/Desktop/Minecraft/client/lib/jinput.jar
8eb14000-8eb15000 r--s 00000000 08:06 1450565    /var/cache/fontconfig/c05880de57d1f5e948fdfacc138775d9-le32d4.cache-3
8eb15000-8eb1b000 r--s 00000000 08:06 1450562    /var/cache/fontconfig/945677eb7aeaf62f1d50efc3fb3ec7d8-le32d4.cache-3
8eb1b000-8eb1d000 r--s 00000000 08:06 1450563    /var/cache/fontconfig/99e8ed0e538f840c565b6ed5dad60d56-le32d4.cache-3
8eb1d000-8eb20000 r--s 00000000 08:06 1448006    /var/cache/fontconfig/e383d7ea5fbe662a33d9b44caf393297-le32d4.cache-3
8eb20000-8eb23000 r--s 00000000 08:06 1450549    /var/cache/fontconfig/2cd17615ca594fa2959ae173292e504c-le32d4.cache-3
8eb23000-8eb24000 r--s 00000000 08:06 1450573    /var/cache/fontconfig/e7071f4a29fa870f4323321c154eba04-le32d4.cache-3
8eb24000-8eb28000 r--s 00000000 08:06 1450559    /var/cache/fontconfig/6eb3985aa4124903f6ff08ba781cd364-le32d4.cache-3
8eb28000-8eb29000 r--s 00000000 08:06 1450553    /var/cache/fontconfig/4c73fe0c47614734b17d736dbde7580a-le32d4.cache-3
8eb29000-8eb2a000 r--s 00000000 08:06 1450546    /var/cache/fontconfig/0d8c3b2ac0904cb8a57a757ad11a4a08-le32d4.cache-3
8eb2a000-8eb2b000 r--s 00000000 08:06 1450557    /var/cache/fontconfig/6a53c69dea097a2d716e069445527da8-le32d4.cache-3
8eb2b000-8eb2f000 r--s 00000000 08:06 1450564    /var/cache/fontconfig/a755afe4a08bf5b97852ceb7400b47bc-le32d4.cache-3
8eb2f000-8eb33000 r--s 00000000 08:06 1450554    /var/cache/fontconfig/515ca1ebc4b18308bea979be5704f9db-le32d4.cache-3
8eb33000-8eb3a000 r--s 00000000 08:06 1450558    /var/cache/fontconfig/6d41288fd70b0be22e8c3a91e032eec0-le32d4.cache-3
8eb3a000-8eb45000 r--s 00000000 08:06 1450547    /var/cache/fontconfig/0f34bcd4b6ee430af32735b75db7f02b-le32d4.cache-3
8eb45000-8eb48000 r--s 00000000 08:06 1450570    /var/cache/fontconfig/d60319d88cac85ba9e1a07bd06cfbb8c-le32d4.cache-3
8eb48000-8eb6a000 r--s 00000000 08:06 1448005    /var/cache/fontconfig/365b55f210c0a22e9a19e35191240f32-le32d4.cache-3
8eb6a000-8eb77000 r--s 00000000 08:06 1450569    /var/cache/fontconfig/d52a8644073d54c13679302ca1180695-le32d4.cache-3
8eb77000-8eb7a000 ---p 00000000 00:00 0 
8eb7a000-8ebc8000 rw-p 00000000 00:00 0 
8ebc8000-8ebcb000 ---p 00000000 00:00 0 
8ebcb000-8ec19000 rw-p 00000000 00:00 0 
8ec19000-8ec1a000 ---p 00000000 00:00 0 
8ec1a000-8ec9a000 rw-p 00000000 00:00 0 
8ec9a000-8ec9d000 ---p 00000000 00:00 0 
8ec9d000-8eceb000 rw-p 00000000 00:00 0 
8eceb000-8ecee000 ---p 00000000 00:00 0 
8ecee000-8ed6c000 rw-p 00000000 00:00 0 
8ed6c000-8ed6f000 ---p 00000000 00:00 0 
8ed6f000-8eded000 rw-p 00000000 00:00 0 
8eded000-8edf0000 ---p 00000000 00:00 0 
8edf0000-8ee3e000 rw-p 00000000 00:00 0 
8ee3e000-8ee3f000 r--p 0043a000 08:06 3547352    /usr/lib/locale/locale-archive
8ee3f000-8ee7f000 r--p 002bd000 08:06 3547352    /usr/lib/locale/locale-archive
8ee7f000-8f07f000 r--p 00000000 08:06 3547352    /usr/lib/locale/locale-archive
8f07f000-8f082000 ---p 00000000 00:00 0 
8f082000-8f0d0000 rw-p 00000000 00:00 0 
8f0d0000-8f0d3000 ---p 00000000 00:00 0 
8f0d3000-8f121000 rw-p 00000000 00:00 0 
8f121000-8f122000 ---p 00000000 00:00 0 
8f122000-8f1ed000 rw-p 00000000 00:00 0 
8f1ed000-8f3ad000 r--s 03a2e000 08:06 3553320    /usr/local/java/jdk1.7.0_04/jre/lib/rt.jar
8f3ad000-90af9000 rw-p 00000000 00:00 0 
90af9000-90afa000 ---p 00000000 00:00 0 
90afa000-90b7a000 rw-p 00000000 00:00 0 
90b7a000-90b7b000 ---p 00000000 00:00 0 
90b7b000-90c03000 rw-p 00000000 00:00 0 
90c03000-90c1b000 rw-p 00000000 00:00 0 
90c1b000-90c26000 rw-p 00000000 00:00 0 
90c26000-90cc3000 rw-p 00000000 00:00 0 
90cc3000-90ccb000 rw-p 00000000 00:00 0 
90ccb000-90ce3000 rw-p 00000000 00:00 0 
90ce3000-90cee000 rw-p 00000000 00:00 0 
90cee000-90d8b000 rw-p 00000000 00:00 0 
90d8b000-90d95000 rw-p 00000000 00:00 0 
90d95000-90ddf000 rw-p 00000000 00:00 0 
90ddf000-91de0000 rw-p 00000000 00:00 0 
91de0000-94de0000 rw-p 00000000 00:00 0 
94de0000-962e0000 rw-p 00000000 00:00 0 
962e0000-a9de0000 rw-p 00000000 00:00 0 
a9de0000-ab040000 rw-p 00000000 00:00 0 
ab040000-b45e0000 rw-p 00000000 00:00 0 
b45e0000-b45e2000 r--s 00089000 08:06 2366224    /home/steven/Desktop/Minecraft/client/lib/linux_natives.jar
b45e2000-b45eb000 rw-p 00000000 00:00 0 
b45eb000-b46a2000 rw-p 00000000 00:00 0 
b46a2000-b48e2000 rwxp 00000000 00:00 0 
b48e2000-b76a2000 rw-p 00000000 00:00 0 
b76a2000-b76aa000 rw-s 00000000 08:06 1708733    /tmp/hsperfdata_steven/5466
b76aa000-b76ad000 ---p 00000000 00:00 0 
b76ad000-b76fd000 rw-p 00000000 00:00 0 
b76fd000-b76fe000 r--s 0005d000 08:06 2366225    /home/steven/Desktop/Minecraft/client/lib/macosx_natives.jar
b76fe000-b76ff000 r--s 00000000 08:06 1444067    /var/cache/fontconfig/4794a0821666d79190d59a36cb4f44b5-le32d4.cache-3
b76ff000-b7705000 r--s 00000000 08:06 1448002    /var/cache/fontconfig/153bb866d4d26e7cd19eee2129f8d8d2-le32d4.cache-3
b7705000-b770d000 r--s 00000000 08:06 1450572    /var/cache/fontconfig/e13b20fdb08344e0e664864cc2ede53d-le32d4.cache-3
b770d000-b7710000 r--s 00000000 08:06 1448004    /var/cache/fontconfig/7ef2298fde41cc6eeb7af42e48b7d293-le32d4.cache-3
b7710000-b7711000 rw-p 00000000 00:00 0 
b7711000-b7712000 r--p 00000000 00:00 0 
b7712000-b7714000 rw-p 00000000 00:00 0 
bff0d000-bff2e000 rw-p 00000000 00:00 0          [stack]

VM Arguments:
jvm_args: -Djava.library.path=/home/steven/Desktop/Minecraft/client/lib/natives -Dfile.encoding=UTF-8 
java_command: ch.spacebase.openclassic.client.MinecraftStandalone Steveice10@gmail.com QwErTy123
Launcher Type: SUN_STANDARD

Environment Variables:
JAVA_HOME=/usr/local/java/jdk1.7.0_04
PATH=/usr/lib/lightdm/lightdm:/usr/local/sbin:/usr/local/bin:/usr/sbin:/usr/bin:/sbin:/bin:/usr/games:/home/steven/bin:/usr/local/java/jdk1.7.0_04/bin
USERNAME=steven
LD_LIBRARY_PATH=/usr/local/java/jdk1.7.0_04/jre/lib/i386
SHELL=/bin/bash
DISPLAY=:0

Signal Handlers:
SIGSEGV: [libjvm.so+0x71c1c0], sa_mask[0]=0x7ffbfeff, sa_flags=0x10000004
SIGBUS: [libjvm.so+0x71c1c0], sa_mask[0]=0x7ffbfeff, sa_flags=0x10000004
SIGFPE: [libjvm.so+0x5d5a90], sa_mask[0]=0x7ffbfeff, sa_flags=0x10000004
SIGPIPE: [libjvm.so+0x5d5a90], sa_mask[0]=0x7ffbfeff, sa_flags=0x10000004
SIGXFSZ: [libjvm.so+0x5d5a90], sa_mask[0]=0x7ffbfeff, sa_flags=0x10000004
SIGILL: [libjvm.so+0x5d5a90], sa_mask[0]=0x7ffbfeff, sa_flags=0x10000004
SIGUSR1: SIG_DFL, sa_mask[0]=0x00000000, sa_flags=0x00000000
SIGUSR2: [libjvm.so+0x5d5370], sa_mask[0]=0x00000004, sa_flags=0x10000004
SIGHUP: [libjvm.so+0x5d7960], sa_mask[0]=0x7ffbfeff, sa_flags=0x10000004
SIGINT: [libjvm.so+0x5d7960], sa_mask[0]=0x7ffbfeff, sa_flags=0x10000004
SIGTERM: [libjvm.so+0x5d7960], sa_mask[0]=0x7ffbfeff, sa_flags=0x10000004
SIGQUIT: [libjvm.so+0x5d7960], sa_mask[0]=0x7ffbfeff, sa_flags=0x10000004


---------------  S Y S T E M  ---------------

OS:wheezy/sid

uname:Linux 3.0.0-12-generic #20-Ubuntu SMP Fri Oct 7 14:50:42 UTC 2011 i686
libc:glibc 2.13 NPTL 2.13 
rlimit: STACK 8192k, CORE 0k, NPROC 15986, NOFILE 4096, AS infinity
load average:0.36 0.38 0.47

/proc/meminfo:
MemTotal:        2060324 kB
MemFree:          154420 kB
Buffers:           16448 kB
Cached:           711236 kB
SwapCached:        67368 kB
Active:           885012 kB
Inactive:         911896 kB
Active(anon):     732024 kB
Inactive(anon):   349336 kB
Active(file):     152988 kB
Inactive(file):   562560 kB
Unevictable:          36 kB
Mlocked:              36 kB
HighTotal:       1186132 kB
HighFree:          15100 kB
LowTotal:         874192 kB
LowFree:          139320 kB
SwapTotal:       3145724 kB
SwapFree:        2895172 kB
Dirty:               204 kB
Writeback:             0 kB
AnonPages:       1023636 kB
Mapped:           132600 kB
Shmem:             12032 kB
Slab:              35252 kB
SReclaimable:      20132 kB
SUnreclaim:        15120 kB
KernelStack:        3304 kB
PageTables:         9096 kB
NFS_Unstable:          0 kB
Bounce:                0 kB
WritebackTmp:          0 kB
CommitLimit:     4175884 kB
Committed_AS:    3323768 kB
VmallocTotal:     122880 kB
VmallocUsed:       82484 kB
VmallocChunk:      34808 kB
HardwareCorrupted:     0 kB
AnonHugePages:         0 kB
HugePages_Total:       0
HugePages_Free:        0
HugePages_Rsvd:        0
HugePages_Surp:        0
Hugepagesize:       4096 kB
DirectMap4k:      684024 kB
DirectMap4M:      225280 kB


CPU:total 2 (2 cores per cpu, 1 threads per core) family 6 model 15 stepping 6, cmov, cx8, fxsr, mmx, sse, sse2, sse3, ssse3, tsc

/proc/cpuinfo:
processor	: 0
vendor_id	: GenuineIntel
cpu family	: 6
model		: 15
model name	: Intel(R) Core(TM)2 CPU          6300  @ 1.86GHz
stepping	: 6
cpu MHz		: 1862.031
cache size	: 2048 KB
physical id	: 0
siblings	: 2
core id		: 0
cpu cores	: 2
apicid		: 0
initial apicid	: 0
fdiv_bug	: no
hlt_bug		: no
f00f_bug	: no
coma_bug	: no
fpu		: yes
fpu_exception	: yes
cpuid level	: 10
wp		: yes
flags		: fpu vme de pse tsc msr pae mce cx8 apic mtrr pge mca cmov pat pse36 clflush dts acpi mmx fxsr sse sse2 ss ht tm pbe nx lm constant_tsc arch_perfmon pebs bts aperfmperf pni dtes64 monitor ds_cpl vmx est tm2 ssse3 cx16 xtpr pdcm lahf_lm dts tpr_shadow
bogomips	: 3724.06
clflush size	: 64
cache_alignment	: 64
address sizes	: 36 bits physical, 48 bits virtual
power management:

processor	: 1
vendor_id	: GenuineIntel
cpu family	: 6
model		: 15
model name	: Intel(R) Core(TM)2 CPU          6300  @ 1.86GHz
stepping	: 6
cpu MHz		: 1862.031
cache size	: 2048 KB
physical id	: 0
siblings	: 2
core id		: 1
cpu cores	: 2
apicid		: 1
initial apicid	: 1
fdiv_bug	: no
hlt_bug		: no
f00f_bug	: no
coma_bug	: no
fpu		: yes
fpu_exception	: yes
cpuid level	: 10
wp		: yes
flags		: fpu vme de pse tsc msr pae mce cx8 apic mtrr pge mca cmov pat pse36 clflush dts acpi mmx fxsr sse sse2 ss ht tm pbe nx lm constant_tsc arch_perfmon pebs bts aperfmperf pni dtes64 monitor ds_cpl vmx est tm2 ssse3 cx16 xtpr pdcm lahf_lm dts tpr_shadow
bogomips	: 3724.00
clflush size	: 64
cache_alignment	: 64
address sizes	: 36 bits physical, 48 bits virtual
power management:



Memory: 4k page, physical 2060324k(154420k free), swap 3145724k(2895172k free)

vm_info: Java HotSpot(TM) Server VM (23.0-b21) for linux-x86 JRE (1.7.0_04-b20), built on Apr 12 2012 02:22:23 by "java_re" with gcc 4.3.0 20080428 (Red Hat 4.3.0-8)

time: Sun Jun 24 12:22:38 2012
elapsed time: 3 seconds

